Started at Sun Feb 20 18:59:52 UTC 2022
Processing hola-jenkins
Offering hola-jenkins to Project Build Discarder
Finished at Sun Feb 20 18:59:52 UTC 2022. 18ms
Started at Sun Feb 20 19:59:52 UTC 2022
Processing hola-jenkins
Offering hola-jenkins to Project Build Discarder
Finished at Sun Feb 20 19:59:52 UTC 2022. 16ms
Started at Sun Feb 20 20:59:52 UTC 2022
Processing hola-jenkins
Offering hola-jenkins to Project Build Discarder
Finished at Sun Feb 20 20:59:52 UTC 2022. 83ms
Started at Sun Feb 20 22:14:55 UTC 2022
Processing hola-jenkins
Offering hola-jenkins to Project Build Discarder
Finished at Sun Feb 20 22:14:55 UTC 2022. 13ms
Started at Sun Feb 20 23:14:55 UTC 2022
Processing hola-jenkins
Offering hola-jenkins to Project Build Discarder
Finished at Sun Feb 20 23:14:55 UTC 2022. 10ms
Started at Mon Feb 21 00:14:55 UTC 2022
Processing hola-jenkins
Offering hola-jenkins to Project Build Discarder
Finished at Mon Feb 21 00:14:55 UTC 2022. 11ms
Started at Mon Feb 21 01:14:55 UTC 2022
Processing hola-jenkins
Offering hola-jenkins to Project Build Discarder
Finished at Mon Feb 21 01:14:55 UTC 2022. 12ms
Started at Mon Feb 21 02:14:55 UTC 2022
Processing hola-jenkins
Offering hola-jenkins to Project Build Discarder
Finished at Mon Feb 21 02:14:55 UTC 2022. 19ms
Started at Mon Feb 21 03:14:55 UTC 2022
Processing hola-jenkins
Offering hola-jenkins to Project Build Discarder
Finished at Mon Feb 21 03:14:55 UTC 2022. 9ms
